This is pdfTeX, Version 3.14159265-2.6-1.40.20 (TeX Live 2019/Debian) (preloaded format=pdflatex 2024.3.15)  3 JUN 2024 16:24
entering extended mode
 restricted \write18 enabled.
 %&-line parsing enabled.
**ref.tex
(./ref.tex
LaTeX2e <2020-02-02> patch level 2
L3 programming layer <2020-02-14>
(/usr/share/texlive/texmf-dist/tex/latex/base/report.cls
Document Class: report 2019/12/20 v1.4l Standard LaTeX document class
(/usr/share/texlive/texmf-dist/tex/latex/base/size12.clo
File: size12.clo 2019/12/20 v1.4l Standard LaTeX file (size option)
)
\c@part=\count167
\c@chapter=\count168
\c@section=\count169
\c@subsection=\count170
\c@subsubsection=\count171
\c@paragraph=\count172
\c@subparagraph=\count173
\c@figure=\count174
\c@table=\count175
\abovecaptionskip=\skip47
\belowcaptionskip=\skip48
\bibindent=\dimen134
)
(/usr/share/texlive/texmf-dist/tex/latex/extsizes/extsizes.sty
Package: extsizes 1996/10/08 v1.0 Non Standard LaTeX Package


Package ExtSizes Warning: It is better to use one of the extsizes classes,
 if you can.

(/usr/share/texlive/texmf-dist/tex/latex/extsizes/size14.clo
File: size14.clo 1999/11/11 v1.4a NON-Standard LaTeX file (size option)
))
(/usr/share/texlive/texmf-dist/tex/latex/t2/mathtext.sty
Package: mathtext 2018/04/14 v1.0 transparent text-and-math defs
LaTeX Info: Redefining \halign on input line 121.
)
(/usr/share/texlive/texmf-dist/tex/latex/base/fontenc.sty
Package: fontenc 2020/02/11 v2.0o Standard LaTeX package

(/usr/share/texlive/texmf-dist/tex/latex/cyrillic/t2aenc.def
File: t2aenc.def 2005/09/27 v1.0i Cyrillic encoding definition file
Now handling font encoding T2A ...
... processing UTF-8 mapping file for font encoding T2A

(/usr/share/texlive/texmf-dist/tex/latex/base/t2aenc.dfu
File: t2aenc.dfu 2019/11/14 v1.2k UTF-8 support for inputenc
   defining Unicode char U+00A4 (decimal 164)
   defining Unicode char U+00A7 (decimal 167)
   defining Unicode char U+00AB (decimal 171)
   defining Unicode char U+00BB (decimal 187)
   defining Unicode char U+0131 (decimal 305)
   defining Unicode char U+0237 (decimal 567)
   defining Unicode char U+0400 (decimal 1024)
   defining Unicode char U+0401 (decimal 1025)
   defining Unicode char U+0402 (decimal 1026)
   defining Unicode char U+0403 (decimal 1027)
   defining Unicode char U+0404 (decimal 1028)
   defining Unicode char U+0405 (decimal 1029)
   defining Unicode char U+0406 (decimal 1030)
   defining Unicode char U+0407 (decimal 1031)
   defining Unicode char U+0408 (decimal 1032)
   defining Unicode char U+0409 (decimal 1033)
   defining Unicode char U+040A (decimal 1034)
   defining Unicode char U+040B (decimal 1035)
   defining Unicode char U+040C (decimal 1036)
   defining Unicode char U+040D (decimal 1037)
   defining Unicode char U+040E (decimal 1038)
   defining Unicode char U+040F (decimal 1039)
   defining Unicode char U+0410 (decimal 1040)
   defining Unicode char U+0411 (decimal 1041)
   defining Unicode char U+0412 (decimal 1042)
   defining Unicode char U+0413 (decimal 1043)
   defining Unicode char U+0414 (decimal 1044)
   defining Unicode char U+0415 (decimal 1045)
   defining Unicode char U+0416 (decimal 1046)
   defining Unicode char U+0417 (decimal 1047)
   defining Unicode char U+0418 (decimal 1048)
   defining Unicode char U+0419 (decimal 1049)
   defining Unicode char U+041A (decimal 1050)
   defining Unicode char U+041B (decimal 1051)
   defining Unicode char U+041C (decimal 1052)
   defining Unicode char U+041D (decimal 1053)
   defining Unicode char U+041E (decimal 1054)
   defining Unicode char U+041F (decimal 1055)
   defining Unicode char U+0420 (decimal 1056)
   defining Unicode char U+0421 (decimal 1057)
   defining Unicode char U+0422 (decimal 1058)
   defining Unicode char U+0423 (decimal 1059)
   defining Unicode char U+0424 (decimal 1060)
   defining Unicode char U+0425 (decimal 1061)
   defining Unicode char U+0426 (decimal 1062)
   defining Unicode char U+0427 (decimal 1063)
   defining Unicode char U+0428 (decimal 1064)
   defining Unicode char U+0429 (decimal 1065)
   defining Unicode char U+042A (decimal 1066)
   defining Unicode char U+042B (decimal 1067)
   defining Unicode char U+042C (decimal 1068)
   defining Unicode char U+042D (decimal 1069)
   defining Unicode char U+042E (decimal 1070)
   defining Unicode char U+042F (decimal 1071)
   defining Unicode char U+0430 (decimal 1072)
   defining Unicode char U+0431 (decimal 1073)
   defining Unicode char U+0432 (decimal 1074)
   defining Unicode char U+0433 (decimal 1075)
   defining Unicode char U+0434 (decimal 1076)
   defining Unicode char U+0435 (decimal 1077)
   defining Unicode char U+0436 (decimal 1078)
   defining Unicode char U+0437 (decimal 1079)
   defining Unicode char U+0438 (decimal 1080)
   defining Unicode char U+0439 (decimal 1081)
   defining Unicode char U+043A (decimal 1082)
   defining Unicode char U+043B (decimal 1083)
   defining Unicode char U+043C (decimal 1084)
   defining Unicode char U+043D (decimal 1085)
   defining Unicode char U+043E (decimal 1086)
   defining Unicode char U+043F (decimal 1087)
   defining Unicode char U+0440 (decimal 1088)
   defining Unicode char U+0441 (decimal 1089)
   defining Unicode char U+0442 (decimal 1090)
   defining Unicode char U+0443 (decimal 1091)
   defining Unicode char U+0444 (decimal 1092)
   defining Unicode char U+0445 (decimal 1093)
   defining Unicode char U+0446 (decimal 1094)
   defining Unicode char U+0447 (decimal 1095)
   defining Unicode char U+0448 (decimal 1096)
   defining Unicode char U+0449 (decimal 1097)
   defining Unicode char U+044A (decimal 1098)
   defining Unicode char U+044B (decimal 1099)
   defining Unicode char U+044C (decimal 1100)
   defining Unicode char U+044D (decimal 1101)
   defining Unicode char U+044E (decimal 1102)
   defining Unicode char U+044F (decimal 1103)
   defining Unicode char U+0450 (decimal 1104)
   defining Unicode char U+0451 (decimal 1105)
   defining Unicode char U+0452 (decimal 1106)
   defining Unicode char U+0453 (decimal 1107)
   defining Unicode char U+0454 (decimal 1108)
   defining Unicode char U+0455 (decimal 1109)
   defining Unicode char U+0456 (decimal 1110)
   defining Unicode char U+0457 (decimal 1111)
   defining Unicode char U+0458 (decimal 1112)
   defining Unicode char U+0459 (decimal 1113)
   defining Unicode char U+045A (decimal 1114)
   defining Unicode char U+045B (decimal 1115)
   defining Unicode char U+045C (decimal 1116)
   defining Unicode char U+045D (decimal 1117)
   defining Unicode char U+045E (decimal 1118)
   defining Unicode char U+045F (decimal 1119)
   defining Unicode char U+0490 (decimal 1168)
   defining Unicode char U+0491 (decimal 1169)
   defining Unicode char U+0492 (decimal 1170)
   defining Unicode char U+0493 (decimal 1171)
   defining Unicode char U+0496 (decimal 1174)
   defining Unicode char U+0497 (decimal 1175)
   defining Unicode char U+0498 (decimal 1176)
   defining Unicode char U+0499 (decimal 1177)
   defining Unicode char U+049A (decimal 1178)
   defining Unicode char U+049B (decimal 1179)
   defining Unicode char U+049C (decimal 1180)
   defining Unicode char U+049D (decimal 1181)
   defining Unicode char U+04A0 (decimal 1184)
   defining Unicode char U+04A1 (decimal 1185)
   defining Unicode char U+04A2 (decimal 1186)
   defining Unicode char U+04A3 (decimal 1187)
   defining Unicode char U+04A4 (decimal 1188)
   defining Unicode char U+04A5 (decimal 1189)
   defining Unicode char U+04AA (decimal 1194)
   defining Unicode char U+04AB (decimal 1195)
   defining Unicode char U+04AE (decimal 1198)
   defining Unicode char U+04AF (decimal 1199)
   defining Unicode char U+04B0 (decimal 1200)
   defining Unicode char U+04B1 (decimal 1201)
   defining Unicode char U+04B2 (decimal 1202)
   defining Unicode char U+04B3 (decimal 1203)
   defining Unicode char U+04B6 (decimal 1206)
   defining Unicode char U+04B7 (decimal 1207)
   defining Unicode char U+04B8 (decimal 1208)
   defining Unicode char U+04B9 (decimal 1209)
   defining Unicode char U+04BA (decimal 1210)
   defining Unicode char U+04BB (decimal 1211)
   defining Unicode char U+04C0 (decimal 1216)
   defining Unicode char U+04C1 (decimal 1217)
   defining Unicode char U+04C2 (decimal 1218)
   defining Unicode char U+04D0 (decimal 1232)
   defining Unicode char U+04D1 (decimal 1233)
   defining Unicode char U+04D2 (decimal 1234)
   defining Unicode char U+04D3 (decimal 1235)
   defining Unicode char U+04D4 (decimal 1236)
   defining Unicode char U+04D5 (decimal 1237)
   defining Unicode char U+04D6 (decimal 1238)
   defining Unicode char U+04D7 (decimal 1239)
   defining Unicode char U+04D8 (decimal 1240)
   defining Unicode char U+04D9 (decimal 1241)
   defining Unicode char U+04DA (decimal 1242)
   defining Unicode char U+04DB (decimal 1243)
   defining Unicode char U+04DC (decimal 1244)
   defining Unicode char U+04DD (decimal 1245)
   defining Unicode char U+04DE (decimal 1246)
   defining Unicode char U+04DF (decimal 1247)
   defining Unicode char U+04E2 (decimal 1250)
   defining Unicode char U+04E3 (decimal 1251)
   defining Unicode char U+04E4 (decimal 1252)
   defining Unicode char U+04E5 (decimal 1253)
   defining Unicode char U+04E6 (decimal 1254)
   defining Unicode char U+04E7 (decimal 1255)
   defining Unicode char U+04E8 (decimal 1256)
   defining Unicode char U+04E9 (decimal 1257)
   defining Unicode char U+04EC (decimal 1260)
   defining Unicode char U+04ED (decimal 1261)
   defining Unicode char U+04EE (decimal 1262)
   defining Unicode char U+04EF (decimal 1263)
   defining Unicode char U+04F0 (decimal 1264)
   defining Unicode char U+04F1 (decimal 1265)
   defining Unicode char U+04F2 (decimal 1266)
   defining Unicode char U+04F3 (decimal 1267)
   defining Unicode char U+04F4 (decimal 1268)
   defining Unicode char U+04F5 (decimal 1269)
   defining Unicode char U+04F8 (decimal 1272)
   defining Unicode char U+04F9 (decimal 1273)
   defining Unicode char U+200C (decimal 8204)
   defining Unicode char U+2013 (decimal 8211)
   defining Unicode char U+2014 (decimal 8212)
   defining Unicode char U+2018 (decimal 8216)
   defining Unicode char U+2019 (decimal 8217)
   defining Unicode char U+201C (decimal 8220)
   defining Unicode char U+201D (decimal 8221)
   defining Unicode char U+201E (decimal 8222)
   defining Unicode char U+2030 (decimal 8240)
   defining Unicode char U+2031 (decimal 8241)
   defining Unicode char U+2116 (decimal 8470)
   defining Unicode char U+2329 (decimal 9001)
   defining Unicode char U+232A (decimal 9002)
   defining Unicode char U+2423 (decimal 9251)
   defining Unicode char U+27E8 (decimal 10216)
   defining Unicode char U+27E9 (decimal 10217)
   defining Unicode char U+FB00 (decimal 64256)
   defining Unicode char U+FB01 (decimal 64257)
   defining Unicode char U+FB02 (decimal 64258)
   defining Unicode char U+FB03 (decimal 64259)
   defining Unicode char U+FB04 (decimal 64260)
   defining Unicode char U+FB05 (decimal 64261)
   defining Unicode char U+FB06 (decimal 64262)
)
\symT2Aletters=\mathgroup4
)
LaTeX Font Info:    Trying to load font information for T2A+cmr on input line 1
12.

(/usr/share/texlive/texmf-dist/tex/latex/cyrillic/t2acmr.fd
File: t2acmr.fd 2001/08/11 v1.0a Computer Modern Cyrillic font definitions
))
(/usr/share/texlive/texmf-dist/tex/latex/base/inputenc.sty
Package: inputenc 2018/08/11 v1.3c Input encoding file
\inpenc@prehook=\toks14
\inpenc@posthook=\toks15
)
(/usr/share/texlive/texmf-dist/tex/generic/babel/babel.sty
Package: babel 2020/02/14 3.40 The Babel package

(/usr/share/texlive/texmf-dist/tex/generic/babel/switch.def
File: switch.def 2020/02/14 3.40 Babel switching mechanism
)
(/usr/share/texlive/texmf-dist/tex/generic/babel-english/english.ldf
Language: english 2017/06/06 v3.3r English support from the babel system

(/usr/share/texlive/texmf-dist/tex/generic/babel/babel.def
File: babel.def 2020/02/14 3.40 Babel common definitions
\babel@savecnt=\count176
\U@D=\dimen135

(/usr/share/texlive/texmf-dist/tex/generic/babel/txtbabel.def)
\bbl@readstream=\read2
\bbl@dirlevel=\count177
)
Package babel Info: \l@canadian = using hyphenrules for english
(babel)             (\language0) on input line 102.
Package babel Info: \l@australian = using hyphenrules for ukenglish
(babel)             (\language49) on input line 105.
Package babel Info: \l@newzealand = using hyphenrules for ukenglish
(babel)             (\language49) on input line 108.
)
(/usr/share/texlive/texmf-dist/tex/generic/babel-russian/russianb.ldf
Language: russian 2017/08/12 1.3j Russian support for the Babel system
Package babel Info: Making " an active character on input line 120.
Package babel Info: Default for \cyrdash is provided on input line 157.
))
(/usr/share/texlive/texmf-dist/tex/latex/tools/longtable.sty
Package: longtable 2020/01/07 v4.13 Multi-page Table package (DPC)
\LTleft=\skip49
\LTright=\skip50
\LTpre=\skip51
\LTpost=\skip52
\LTchunksize=\count178
\LTcapwidth=\dimen136
\LT@head=\box45
\LT@firsthead=\box46
\LT@foot=\box47
\LT@lastfoot=\box48
\LT@cols=\count179
\LT@rows=\count180
\c@LT@tables=\count181
\c@LT@chunks=\count182
\LT@p@ftn=\toks16
)
(/usr/share/texlive/texmf-dist/tex/latex/geometry/geometry.sty
Package: geometry 2020/01/02 v5.9 Page Geometry

(/usr/share/texlive/texmf-dist/tex/latex/graphics/keyval.sty
Package: keyval 2014/10/28 v1.15 key=value parser (DPC)
\KV@toks@=\toks17
)
(/usr/share/texlive/texmf-dist/tex/generic/iftex/ifvtex.sty
Package: ifvtex 2019/10/25 v1.7 ifvtex legacy package. Use iftex instead.

(/usr/share/texlive/texmf-dist/tex/generic/iftex/iftex.sty
Package: iftex 2019/11/07 v1.0c TeX engine tests
))
\Gm@cnth=\count183
\Gm@cntv=\count184
\c@Gm@tempcnt=\count185
\Gm@bindingoffset=\dimen137
\Gm@wd@mp=\dimen138
\Gm@odd@mp=\dimen139
\Gm@even@mp=\dimen140
\Gm@layoutwidth=\dimen141
\Gm@layoutheight=\dimen142
\Gm@layouthoffset=\dimen143
\Gm@layoutvoffset=\dimen144
\Gm@dimlist=\toks18
)
(/usr/share/texlive/texmf-dist/tex/latex/pdfpages/pdfpages.sty
Package: pdfpages 2020/01/28 v0.5q Insert pages of external PDF documents (AM)

(/usr/share/texlive/texmf-dist/tex/latex/base/ifthen.sty
Package: ifthen 2014/09/29 v1.1c Standard LaTeX ifthen package (DPC)
)
(/usr/share/texlive/texmf-dist/tex/latex/tools/calc.sty
Package: calc 2017/05/25 v4.3 Infix arithmetic (KKT,FJ)
\calc@Acount=\count186
\calc@Bcount=\count187
\calc@Adimen=\dimen145
\calc@Bdimen=\dimen146
\calc@Askip=\skip53
\calc@Bskip=\skip54
LaTeX Info: Redefining \setlength on input line 80.
LaTeX Info: Redefining \addtolength on input line 81.
\calc@Ccount=\count188
\calc@Cskip=\skip55
)
(/usr/share/texlive/texmf-dist/tex/latex/eso-pic/eso-pic.sty
Package: eso-pic 2018/04/12 v2.0h eso-pic (RN)

(/usr/share/texlive/texmf-dist/tex/generic/atbegshi/atbegshi.sty
Package: atbegshi 2019/12/05 v1.19 At begin shipout hook (HO)

(/usr/share/texlive/texmf-dist/tex/generic/infwarerr/infwarerr.sty
Package: infwarerr 2019/12/03 v1.5 Providing info/warning/error messages (HO)
)
(/usr/share/texlive/texmf-dist/tex/generic/ltxcmds/ltxcmds.sty
Package: ltxcmds 2019/12/15 v1.24 LaTeX kernel commands for general use (HO)
))
(/usr/share/texlive/texmf-dist/tex/latex/xcolor/xcolor.sty
Package: xcolor 2016/05/11 v2.12 LaTeX color extensions (UK)

(/usr/share/texlive/texmf-dist/tex/latex/graphics-cfg/color.cfg
File: color.cfg 2016/01/02 v1.6 sample color configuration
)
Package xcolor Info: Driver file: pdftex.def on input line 225.

(/usr/share/texlive/texmf-dist/tex/latex/graphics-def/pdftex.def
File: pdftex.def 2018/01/08 v1.0l Graphics/color driver for pdftex
)
Package xcolor Info: Model `cmy' substituted by `cmy0' on input line 1348.
Package xcolor Info: Model `hsb' substituted by `rgb' on input line 1352.
Package xcolor Info: Model `RGB' extended on input line 1364.
Package xcolor Info: Model `HTML' substituted by `rgb' on input line 1366.
Package xcolor Info: Model `Hsb' substituted by `hsb' on input line 1367.
Package xcolor Info: Model `tHsb' substituted by `hsb' on input line 1368.
Package xcolor Info: Model `HSB' substituted by `hsb' on input line 1369.
Package xcolor Info: Model `Gray' substituted by `gray' on input line 1370.
Package xcolor Info: Model `wave' substituted by `hsb' on input line 1371.
))
(/usr/share/texlive/texmf-dist/tex/latex/graphics/graphicx.sty
Package: graphicx 2019/11/30 v1.2a Enhanced LaTeX Graphics (DPC,SPQR)

(/usr/share/texlive/texmf-dist/tex/latex/graphics/graphics.sty
Package: graphics 2019/11/30 v1.4a Standard LaTeX Graphics (DPC,SPQR)

(/usr/share/texlive/texmf-dist/tex/latex/graphics/trig.sty
Package: trig 2016/01/03 v1.10 sin cos tan (DPC)
)
(/usr/share/texlive/texmf-dist/tex/latex/graphics-cfg/graphics.cfg
File: graphics.cfg 2016/06/04 v1.11 sample graphics configuration
)
Package graphics Info: Driver file: pdftex.def on input line 105.
)
\Gin@req@height=\dimen147
\Gin@req@width=\dimen148
)
\AM@pagewidth=\dimen149
\AM@pageheight=\dimen150

(/usr/share/texlive/texmf-dist/tex/latex/pdfpages/pppdftex.def
File: pppdftex.def 2020/01/28 v0.5q Pdfpages driver for pdfTeX (AM)
)
\AM@pagebox=\box49
\AM@global@opts=\toks19
\AM@pagecnt=\count189
\AM@toc@title=\toks20
\c@AM@survey=\count190
\AM@templatesizebox=\box50
)
(/usr/share/texlive/texmf-dist/tex/latex/wasysym/wasysym.sty
Package: wasysym 2020/01/19 v2.4 Wasy-2 symbol support package
\symwasy=\mathgroup5
LaTeX Font Info:    Overwriting symbol font `wasy' in version `bold'
(Font)                  U/wasy/m/n --> U/wasy/b/n on input line 93.
)
(/usr/share/texlive/texmf-dist/tex/latex/tools/indentfirst.sty
Package: indentfirst 1995/11/23 v1.03 Indent first paragraph (DPC)
)
(/usr/share/texlive/texmf-dist/tex/latex/tocloft/tocloft.sty
Package: tocloft 2017/08/31 v2.3i parameterised ToC, etc., typesetting
Package tocloft Info: The document has chapter divisions on input line 51.
\cftparskip=\skip56
\cftbeforetoctitleskip=\skip57
\cftaftertoctitleskip=\skip58
\cftbeforepartskip=\skip59
\cftpartnumwidth=\skip60
\cftpartindent=\skip61
\cftbeforechapskip=\skip62
\cftchapindent=\skip63
\cftchapnumwidth=\skip64
\cftbeforesecskip=\skip65
\cftsecindent=\skip66
\cftsecnumwidth=\skip67
\cftbeforesubsecskip=\skip68
\cftsubsecindent=\skip69
\cftsubsecnumwidth=\skip70
\cftbeforesubsubsecskip=\skip71
\cftsubsubsecindent=\skip72
\cftsubsubsecnumwidth=\skip73
\cftbeforeparaskip=\skip74
\cftparaindent=\skip75
\cftparanumwidth=\skip76
\cftbeforesubparaskip=\skip77
\cftsubparaindent=\skip78
\cftsubparanumwidth=\skip79
\cftbeforeloftitleskip=\skip80
\cftafterloftitleskip=\skip81
\cftbeforefigskip=\skip82
\cftfigindent=\skip83
\cftfignumwidth=\skip84
\c@lofdepth=\count191
\c@lotdepth=\count192
\cftbeforelottitleskip=\skip85
\cftafterlottitleskip=\skip86
\cftbeforetabskip=\skip87
\cfttabindent=\skip88
\cfttabnumwidth=\skip89
)
(/usr/share/texlive/texmf-dist/tex/latex/titlesec/titlesec.sty
Package: titlesec 2019/10/16 v2.13 Sectioning titles
\ttl@box=\box51
\beforetitleunit=\skip90
\aftertitleunit=\skip91
\ttl@plus=\dimen151
\ttl@minus=\dimen152
\ttl@toksa=\toks21
\titlewidth=\dimen153
\titlewidthlast=\dimen154
\titlewidthfirst=\dimen155
)
(/usr/share/texlive/texmf-dist/tex/latex/l3backend/l3backend-pdfmode.def
File: l3backend-pdfmode.def 2020-02-03 L3 backend support: PDF mode
\l__kernel_color_stack_int=\count193
\l__pdf_internal_box=\box52
)
(./ref.aux

LaTeX Warning: Label `trivial' multiply defined.


LaTeX Warning: Label `trivial' multiply defined.


LaTeX Warning: Label `trivial' multiply defined.


LaTeX Warning: Label `trivial' multiply defined.


LaTeX Warning: Label `trivial' multiply defined.


LaTeX Warning: Label `trivial' multiply defined.


LaTeX Warning: Label `trivial' multiply defined.


LaTeX Warning: Label `trivial' multiply defined.


LaTeX Warning: Label `trivial' multiply defined.


LaTeX Warning: Label `trivial' multiply defined.


LaTeX Warning: Label `trivial' multiply defined.


LaTeX Warning: Label `trivial' multiply defined.


LaTeX Warning: Label `trivial' multiply defined.


LaTeX Warning: Label `trivial' multiply defined.


LaTeX Warning: Label `trivial' multiply defined.


LaTeX Warning: Label `trivial' multiply defined.

)
\openout1 = `ref.aux'.

LaTeX Font Info:    Checking defaults for OML/cmm/m/it on input line 49.
LaTeX Font Info:    ... okay on input line 49.
LaTeX Font Info:    Checking defaults for OMS/cmsy/m/n on input line 49.
LaTeX Font Info:    ... okay on input line 49.
LaTeX Font Info:    Checking defaults for OT1/cmr/m/n on input line 49.
LaTeX Font Info:    ... okay on input line 49.
LaTeX Font Info:    Checking defaults for T1/cmr/m/n on input line 49.
LaTeX Font Info:    ... okay on input line 49.
LaTeX Font Info:    Checking defaults for TS1/cmr/m/n on input line 49.
LaTeX Font Info:    ... okay on input line 49.
LaTeX Font Info:    Checking defaults for OMX/cmex/m/n on input line 49.
LaTeX Font Info:    ... okay on input line 49.
LaTeX Font Info:    Checking defaults for U/cmr/m/n on input line 49.
LaTeX Font Info:    ... okay on input line 49.
LaTeX Font Info:    Checking defaults for T2A/cmr/m/n on input line 49.
LaTeX Font Info:    ... okay on input line 49.
LaTeX Font Info:    Trying to load font information for T2A+ftm on input line 4
9.
LaTeX Font Info:    No file T2Aftm.fd. on input line 49.


LaTeX Font Warning: Font shape `T2A/ftm/m/n' undefined
(Font)              using `T2A/cmr/m/n' instead on input line 49.

*geometry* driver: auto-detecting
*geometry* detected driver: pdftex
*geometry* verbose mode - [ preamble ] result:
* driver: pdftex
* paper: a4paper
* layout: <same size as paper>
* layoutoffset:(h,v)=(0.0pt,0.0pt)
* modes: 
* h-part:(L,W,R)=(56.9055pt, 483.69687pt, 56.9055pt)
* v-part:(T,H,B)=(56.9055pt, 731.23584pt, 56.9055pt)
* \paperwidth=597.50787pt
* \paperheight=845.04684pt
* \textwidth=483.69687pt
* \textheight=731.23584pt
* \oddsidemargin=-15.36449pt
* \evensidemargin=-15.36449pt
* \topmargin=-54.36449pt
* \headheight=14.0pt
* \headsep=25.0pt
* \topskip=14.0pt
* \footskip=30.0pt
* \marginparwidth=15.0pt
* \marginparsep=10.0pt
* \columnsep=10.0pt
* \skip\footins=12.0pt plus 4.0pt minus 2.0pt
* \hoffset=0.0pt
* \voffset=0.0pt
* \mag=1000
* \@twocolumnfalse
* \@twosidefalse
* \@mparswitchfalse
* \@reversemarginfalse
* (1in=72.27pt=25.4mm, 1cm=28.453pt)

\AtBeginShipoutBox=\box53
(/usr/share/texlive/texmf-dist/tex/context/base/mkii/supp-pdf.mkii
[Loading MPS to PDF converter (version 2006.09.02).]
\scratchcounter=\count194
\scratchdimen=\dimen156
\scratchbox=\box54
\nofMPsegments=\count195
\nofMParguments=\count196
\everyMPshowfont=\toks22
\MPscratchCnt=\count197
\MPscratchDim=\dimen157
\MPnumerator=\count198
\makeMPintoPDFobject=\count199
\everyMPtoPDFconversion=\toks23
) (/usr/share/texlive/texmf-dist/tex/latex/epstopdf-pkg/epstopdf-base.sty
Package: epstopdf-base 2020-01-24 v2.11 Base part for package epstopdf
Package epstopdf-base Info: Redefining graphics rule for `.eps' on input line 4
85.

(/usr/share/texlive/texmf-dist/tex/latex/latexconfig/epstopdf-sys.cfg
File: epstopdf-sys.cfg 2010/07/13 v1.3 Configuration of (r)epstopdf for TeX Liv
e
))
(/usr/share/texlive/texmf-dist/tex/latex/pdflscape/pdflscape.sty
Package: pdflscape 2019/12/05 v0.12 Display of landscape pages in PDF (HO)

(/usr/share/texlive/texmf-dist/tex/latex/graphics/lscape.sty
Package: lscape 2000/10/22 v3.01 Landscape Pages (DPC)
)
Package pdflscape Info: Auto-detected driver: pdftex on input line 81.
)

LaTeX Font Warning: Font shape `T2A/ftm/b/n' undefined
(Font)              using `T2A/ftm/m/n' instead on input line 54.


LaTeX Font Warning: Font shape `T2A/ftm/m/sl' undefined
(Font)              using `T2A/ftm/m/n' instead on input line 74.

[1

{/var/lib/texmf/fonts/map/pdftex/updmap/pdftex.map}] (./ref.toc
LaTeX Font Info:    Trying to load font information for OT1+ftm on input line 3
.
LaTeX Font Info:    No file OT1ftm.fd. on input line 3.


LaTeX Font Warning: Font shape `OT1/ftm/m/n' undefined
(Font)              using `OT1/cmr/m/n' instead on input line 3.

LaTeX Font Info:    External font `cmex10' loaded for size
(Font)              <14.4> on input line 4.
LaTeX Font Info:    External font `cmex10' loaded for size
(Font)              <7> on input line 4.

LaTeX Font Warning: Font shape `T2A/cmr/m/up' undefined
(Font)              using `T2A/cmr/m/n' instead on input line 4.

LaTeX Font Info:    Trying to load font information for U+wasy on input line 4.

(/usr/share/texlive/texmf-dist/tex/latex/wasysym/uwasy.fd
File: uwasy.fd 2020/01/19 v2.4 Wasy-2 symbol font definitions
))
\tf@toc=\write3
\openout3 = `ref.toc'.

 [2]

! LaTeX Error: There's no line here to end.

See the LaTeX manual or LaTeX Companion for explanation.
Type  H <return>  for immediate help.
 ...                                              
                                                  
l.104 \pagestyle
                {plain} \\
Your command was ignored.
Type  I <command> <return>  to replace it with another command,
or  <return>  to continue without it.


! LaTeX Error: There's no line here to end.

See the LaTeX manual or LaTeX Companion for explanation.
Type  H <return>  for immediate help.
 ...                                              
                                                  
l.105 
      
Your command was ignored.
Type  I <command> <return>  to replace it with another command,
or  <return>  to continue without it.


Underfull \hbox (badness 10000) in paragraph at lines 106--107

 []


Underfull \hbox (badness 10000) in paragraph at lines 108--111

 []

[3

]
Underfull \hbox (badness 10000) in paragraph at lines 112--113

 []


Underfull \hbox (badness 10000) in paragraph at lines 114--115

 []


Underfull \hbox (badness 10000) in paragraph at lines 116--117

 []


Underfull \hbox (badness 10000) in paragraph at lines 118--119

 []


Underfull \hbox (badness 10000) in paragraph at lines 120--122

 []

[4]
Underfull \hbox (badness 10000) in paragraph at lines 123--124

 []

[5]

! LaTeX Error: There's no line here to end.

See the LaTeX manual or LaTeX Companion for explanation.
Type  H <return>  for immediate help.
 ...                                              
                                                  
l.129 
      
Your command was ignored.
Type  I <command> <return>  to replace it with another command,
or  <return>  to continue without it.


Underfull \hbox (badness 10000) in paragraph at lines 130--131

 []


Underfull \hbox (badness 10000) in paragraph at lines 132--133

 []


Underfull \hbox (badness 10000) in paragraph at lines 134--135

 []


Underfull \hbox (badness 10000) in paragraph at lines 136--141

 []

[6

]
Underfull \hbox (badness 10000) in paragraph at lines 142--153

 []

[7] [8]

! LaTeX Error: There's no line here to end.

See the LaTeX manual or LaTeX Companion for explanation.
Type  H <return>  for immediate help.
 ...                                              
                                                  
l.157 
      
Your command was ignored.
Type  I <command> <return>  to replace it with another command,
or  <return>  to continue without it.


! Package inputenc Error: Unicode character в€’ (U+2212)
(inputenc)                not set up for use with LaTeX.

See the inputenc package documentation for explanation.
Type  H <return>  for immediate help.
 ...                                              
                                                  
l.161 ...І СЂР°Р·Р»РёС‡РЅС‹С… СЃРёСЃС‚РµРјР°С… в€’
                                                   С‚РµС…РЅРёС‡РµСЃРєРёС…, Р...

You may provide a definition with
\DeclareUnicodeCharacter 


Underfull \hbox (badness 10000) in paragraph at lines 158--165

 []

[9

]

! Package inputenc Error: Unicode character в€’ (U+2212)
(inputenc)                not set up for use with LaTeX.

See the inputenc package documentation for explanation.
Type  H <return>  for immediate help.
 ...                                              
                                                  
l.169 РіРґРµ $M$ в€’
                     РёР·РјРµСЂСЏРµРјРѕРµ РјР°С‚РµСЂРёР°Р»СЊРЅРѕРµ СЃРІРѕР№С...

You may provide a definition with
\DeclareUnicodeCharacter 


! Package inputenc Error: Unicode character в€’ (U+2212)
(inputenc)                not set up for use with LaTeX.

See the inputenc package documentation for explanation.
Type  H <return>  for immediate help.
 ...                                              
                                                  
l.169 ...ї.), СЃРѕР·РґР°СЋС‰РµРµ $J_c$; $J_РЅ$ в€’
                                                   С‡СѓРІСЃС‚РІРµРЅРЅР°СЏ Рё...

You may provide a definition with
\DeclareUnicodeCharacter 


! Package inputenc Error: Unicode character в€’ (U+2212)
(inputenc)                not set up for use with LaTeX.

See the inputenc package documentation for explanation.
Type  H <return>  for immediate help.
 ...                                              
                                                  
l.169 ...·РѕРІР°С‚СЊ Р±РµР· РёРЅРґРµРєСЃР°; Rk в€’
                                                   РѕС‚РЅРѕСЃРёС‚РµР»СЊРЅР°С...

You may provide a definition with
\DeclareUnicodeCharacter 

[10]

! Package inputenc Error: Unicode character в€’ (U+2212)
(inputenc)                not set up for use with LaTeX.

See the inputenc package documentation for explanation.
Type  H <return>  for immediate help.
 ...                                              
                                                  
l.177 РіРґРµ $O$ в€’
                     РІРµРєС‚РѕСЂ РёРЅС‚РµРЅСЃРёРІРЅРѕСЃС‚Рё РїРѕС‚РѕРєР° СЃ...

You may provide a definition with
\DeclareUnicodeCharacter 


! Package inputenc Error: Unicode character в€’ (U+2212)
(inputenc)                not set up for use with LaTeX.

See the inputenc package documentation for explanation.
Type  H <return>  for immediate help.
 ...                                              
                                                  
l.182 РіРґРµ $O_РЅ = R_k \cdot O$ в€’
                                      РІРµРєС‚РѕСЂ РёРЅС‚РµРЅСЃРёРІРЅРѕСЃС‚Р...

You may provide a definition with
\DeclareUnicodeCharacter 


! Package inputenc Error: Unicode character в€’ (U+2212)
(inputenc)                not set up for use with LaTeX.

See the inputenc package documentation for explanation.
Type  H <return>  for immediate help.
 ...                                              
                                                  
l.182 ...ІРЅРѕСЃС‚Рё РѕС‚СЂР°Р¶РµРЅРёСЏ; $R_k$ в€’
                                                   РёРЅС„РѕСЂРјР°С†РёРѕРЅРЅР...

You may provide a definition with
\DeclareUnicodeCharacter 


Underfull \hbox (badness 10000) in paragraph at lines 181--183

 []


! Package inputenc Error: Unicode character в€’ (U+2212)
(inputenc)                not set up for use with LaTeX.

See the inputenc package documentation for explanation.
Type  H <return>  for immediate help.
 ...                                              
                                                  
l.190 РіРґРµ $E$ в€’
                     РІРµРєС‚РѕСЂ РЅР°РїСЂСЏР¶РµРЅРЅРѕСЃС‚Рё РїРѕР»СЏ Р»РѕРі...

You may provide a definition with
\DeclareUnicodeCharacter 


! Package inputenc Error: Unicode character в€’ (U+2212)
(inputenc)                not set up for use with LaTeX.

See the inputenc package documentation for explanation.
Type  H <return>  for immediate help.
 ...                                              
                                                  
l.190 ...»СЏ Р»РѕРіРёРєРё; $R = R_k \cdot R_o$ в€’
                                                   Р±РµР·СЂР°Р·РјРµСЂРЅР°СЏ ...

You may provide a definition with
\DeclareUnicodeCharacter 


! Package inputenc Error: Unicode character в€’ (U+2212)
(inputenc)                not set up for use with LaTeX.

See the inputenc package documentation for explanation.
Type  H <return>  for immediate help.
 ...                                              
                                                  
l.197 РіРґРµ $E$ в€’
                     РІРµРєС‚РѕСЂ РёРЅС‚РµРЅСЃРёРІРЅРѕСЃС‚Рё Р»РѕРіРёРєРё (Р...

You may provide a definition with
\DeclareUnicodeCharacter 


Underfull \hbox (badness 10000) in paragraph at lines 204--205

 []


! Package inputenc Error: Unicode character в€’ (U+2212)
(inputenc)                not set up for use with LaTeX.

See the inputenc package documentation for explanation.
Type  H <return>  for immediate help.
 ...                                              
                                                  
l.206 ..., Р° РІ С‡Р°СЃС‚РЅС‹С… СЃР»СѓС‡Р°СЏС… в€’
                                                   РґРµРєР°СЂС‚РѕРІС‹Рј РїСЂ...

You may provide a definition with
\DeclareUnicodeCharacter 


! Package inputenc Error: Unicode character Оі (U+03B3)
(inputenc)                not set up for use with LaTeX.

See the inputenc package documentation for explanation.
Type  H <return>  for immediate help.
 ...                                              
                                                  
l.212 ...РіРѕ РІРІРѕРґРёС‚СЃСЏ РїР°СЂР°РјРµС‚СЂ Оі
                                                  , РєРѕС‚РѕСЂС‹Р№ РјРѕР¶РµС...

You may provide a definition with
\DeclareUnicodeCharacter 

[11]

! Package inputenc Error: Unicode character в€’ (U+2212)
(inputenc)                not set up for use with LaTeX.

See the inputenc package documentation for explanation.
Type  H <return>  for immediate help.
 ...                                              
                                                  
l.218 РіРґРµ $J-i$ в€’
                       СЂРµР·СѓР»СЊС‚Р°С‚С‹ РёР·РјРµСЂРµРЅРёСЏ $A_i$; $n$ в€...

You may provide a definition with
\DeclareUnicodeCharacter 


! Package inputenc Error: Unicode character в€’ (U+2212)
(inputenc)                not set up for use with LaTeX.

See the inputenc package documentation for explanation.
Type  H <return>  for immediate help.
 ...                                              
                                                  
l.218 ...‚Р°С‚С‹ РёР·РјРµСЂРµРЅРёСЏ $A_i$; $n$ в€’
                                                   РѕР±СЉРµРј РїРѕРЅСЏС‚РёСЏ...

You may provide a definition with
\DeclareUnicodeCharacter 


! Package inputenc Error: Unicode character в€’ (U+2212)
(inputenc)                not set up for use with LaTeX.

See the inputenc package documentation for explanation.
Type  H <return>  for immediate help.
 ...                                              
                                                  
l.218 ...СЏС‚РёРµРј РѕР±СЉРµРєС‚РѕРІ; $\gamma$ в€’
                                                   РїР°СЂР°РјРµС‚СЂ Р»РѕРіРё...

You may provide a definition with
\DeclareUnicodeCharacter 


! Package inputenc Error: Unicode character в€’ (U+2212)
(inputenc)                not set up for use with LaTeX.

See the inputenc package documentation for explanation.
Type  H <return>  for immediate help.
 ...                                              
                                                  
l.246 РіРґРµ $p_i'$ в€’
                        РІРµСЂРѕСЏС‚РЅРѕСЃС‚СЊ РґРѕСЃС‚РёР¶РµРЅРёСЏ С†РµР»Рё...

You may provide a definition with
\DeclareUnicodeCharacter 


! Package inputenc Error: Unicode character в€’ (U+2212)
(inputenc)                not set up for use with LaTeX.

See the inputenc package documentation for explanation.
Type  H <return>  for immediate help.
 ...                                              
                                                  
l.246 ... РґРѕСЃС‚РёР¶РµРЅРёСЏ С†РµР»Рё; $q_i$ в€’
                                                   РІРµСЂРѕСЏС‚РЅРѕСЃС‚СЊ С‚...

You may provide a definition with
\DeclareUnicodeCharacter 


Underfull \hbox (badness 10000) in paragraph at lines 245--247

 []

[12]
LaTeX Font Info:    Trying to load font information for TS1+ftm on input line 2
50.
LaTeX Font Info:    No file TS1ftm.fd. on input line 250.


LaTeX Font Warning: Font shape `TS1/ftm/m/n' undefined
(Font)              using `TS1/cmr/m/n' instead
(Font)              for symbol `textbullet' on input line 250.


! Package inputenc Error: Unicode character О” (U+0394)
(inputenc)                not set up for use with LaTeX.

See the inputenc package documentation for explanation.
Type  H <return>  for immediate help.
 ...                                              
                                                  
l.252 С‚РµРјС‹ РІ С„РѕСЂРјРµ J = A/О”
                                     A, РіРґРµ Рђ вЂ“ РѕР±С‰РµРµ РєРѕР»РёС‡Р...

You may provide a definition with
\DeclareUnicodeCharacter 


! Package inputenc Error: Unicode character О” (U+0394)
(inputenc)                not set up for use with LaTeX.

See the inputenc package documentation for explanation.
Type  H <return>  for immediate help.
 ...                                              
                                                  
l.254 ...€РёРјРё РѕСЂРіР°РЅР°РјРё С‡СѓРІСЃС‚РІ; О”
                                                  A в€’ В«РєРІР°РЅС‚В», СЃ С...

You may provide a definition with
\DeclareUnicodeCharacter 


! Package inputenc Error: Unicode character в€’ (U+2212)
(inputenc)                not set up for use with LaTeX.

See the inputenc package documentation for explanation.
Type  H <return>  for immediate help.
 ...                                              
                                                  
l.254 ...Рё РѕСЂРіР°РЅР°РјРё С‡СѓРІСЃС‚РІ; О”A в€’
                                                   В«РєРІР°РЅС‚В», СЃ С‚РѕС‡...

You may provide a definition with
\DeclareUnicodeCharacter 


! Package inputenc Error: Unicode character в€’ (U+2212)
(inputenc)                not set up for use with LaTeX.

See the inputenc package documentation for explanation.
Type  H <return>  for immediate help.
 ...                                              
                                                  
l.258 ...РјРµСЂР° J = вЂ“log 2 p i, РіРґРµ p i в€’
                                                   РІРµСЂРѕСЏС‚РЅРѕСЃС‚Рё СЃ...

You may provide a definition with
\DeclareUnicodeCharacter 


! Package inputenc Error: Unicode character в€’ (U+2212)
(inputenc)                not set up for use with LaTeX.

See the inputenc package documentation for explanation.
Type  H <return>  for immediate help.
 ...                                              
                                                  
l.258 ...СЏ РґРѕСЃС‚РёР¶РµРЅРёСЏ С†РµР»Рё, p i в€’
                                                   РІРµСЂРѕСЏС‚РЅРѕСЃС‚СЊ РЅ...

You may provide a definition with
\DeclareUnicodeCharacter 


! Package inputenc Error: Unicode character О” (U+0394)
(inputenc)                not set up for use with LaTeX.

See the inputenc package documentation for explanation.
Type  H <return>  for immediate help.
 ...                                              
                                                  
l.260 J = A/О”
              A = вЂ“log2 0,5 j = вЂ“log2 0,5A/О”A = вЂ“log 2 p, РіРґРµ p = ...

You may provide a definition with
\DeclareUnicodeCharacter 


! Package inputenc Error: Unicode character О” (U+0394)
(inputenc)                not set up for use with LaTeX.

See the inputenc package documentation for explanation.
Type  H <return>  for immediate help.
 ...                                              
                                                  
l.260 J = A/О”A = вЂ“log2 0,5 j = вЂ“log2 0,5A/О”
                                                 A = вЂ“log 2 p, РіРґРµ p = ...

You may provide a definition with
\DeclareUnicodeCharacter 


! Package inputenc Error: Unicode character О” (U+0394)
(inputenc)                not set up for use with LaTeX.

See the inputenc package documentation for explanation.
Type  H <return>  for immediate help.
 ...                                              
                                                  
l.260 ...0,5A/О”A = вЂ“log 2 p, РіРґРµ p = 0,5A/О”
                                                  A в€’ СЃРѕРІРјРµСЃС‚РёРјР°...

You may provide a definition with
\DeclareUnicodeCharacter 


! Package inputenc Error: Unicode character в€’ (U+2212)
(inputenc)                not set up for use with LaTeX.

See the inputenc package documentation for explanation.
Type  H <return>  for immediate help.
 ...                                              
                                                  
l.260 ...О”A = вЂ“log 2 p, РіРґРµ p = 0,5A/О”A в€’
                                                   СЃРѕРІРјРµСЃС‚РёРјР°СЏ РІ...

You may provide a definition with
\DeclareUnicodeCharacter 


! Package inputenc Error: Unicode character О” (U+0394)
(inputenc)                not set up for use with LaTeX.

See the inputenc package documentation for explanation.
Type  H <return>  for immediate help.
 ...                                              
                                                  
l.261 О”
        A СЃРѕР±С‹С‚РёР№, Р°РїСЂРёРѕСЂРЅР°СЏ РІРµСЂРѕСЏС‚РЅРѕСЃС‚СЊ РєР°Р¶Рґ...

You may provide a definition with
\DeclareUnicodeCharacter 


! Package inputenc Error: Unicode character в€† (U+2206)
(inputenc)                not set up for use with LaTeX.

See the inputenc package documentation for explanation.
Type  H <return>  for immediate help.
 ...                                              
                                                  
l.263 в€†
         J = вЂ“log2 0,5 = 1 Р±РёС‚, РіРґРµ 0,5 в€’ РІРµСЂРѕСЏС‚РЅРѕСЃС‚СЊ Р...

You may provide a definition with
\DeclareUnicodeCharacter 


! Package inputenc Error: Unicode character в€’ (U+2212)
(inputenc)                not set up for use with LaTeX.

See the inputenc package documentation for explanation.
Type  H <return>  for immediate help.
 ...                                              
                                                  
l.263 ... = вЂ“log2 0,5 = 1 Р±РёС‚, РіРґРµ 0,5 в€’
                                                   РІРµСЂРѕСЏС‚РЅРѕСЃС‚СЊ РЅ...

You may provide a definition with
\DeclareUnicodeCharacter 


Underfull \hbox (badness 10000) in paragraph at lines 248--270

 []


LaTeX Font Warning: Font shape `T2A/ftm/m/it' undefined
(Font)              using `T2A/ftm/m/sl' instead on input line 271.


Underfull \hbox (badness 6758) in paragraph at lines 277--277
[]\T2A/ftm/m/sl/14.4 Информация вос-при-я-тия (чув-
 []


Underfull \hbox (badness 2913) in paragraph at lines 277--277
\T2A/ftm/m/sl/14.4 ствен-ная ин-фор-ма-ция) $\OML/cmm/m/it/14.4 J$ \T2A/ftm/m/s
l/14.4 (эле-
 []


Underfull \hbox (badness 10000) in paragraph at lines 278--278
[]\T2A/ftm/m/sl/14.4 Логическая ин-фор-ма-ция (ин-
 []


Underfull \hbox (badness 10000) in paragraph at lines 278--278
\T2A/ftm/m/sl/14.4 фор-ма-ци-он-ный по-тен-ци-ал)
 []


Overfull \hbox (10.0757pt too wide) in paragraph at lines 280--280
[]\T2A/ftm/m/sl/14.4 Детерминирован-
 []


Underfull \hbox (badness 10000) in paragraph at lines 280--280
\T2A/ftm/m/sl/14.4 ный спо-соб
 []


Underfull \hbox (badness 2809) in paragraph at lines 281--283
\T2A/ftm/m/sl/14.4 где $\OML/cmm/m/it/14.4 A[]$ \T2A/ftm/m/sl/14.4 ^^U зна-че-
 []


Underfull \hbox (badness 10000) in paragraph at lines 281--283
\T2A/ftm/m/sl/14.4 ние из-ме-ря-е-мой
 []


Underfull \hbox (badness 10000) in paragraph at lines 281--283
\T2A/ftm/m/sl/14.4 ве-ли-чи-ны; $\OT1/cmr/m/n/14.4 ^^A\OML/cmm/m/it/14.4 A[]$
 []


Underfull \hbox (badness 10000) in paragraph at lines 281--283
\T2A/ftm/m/sl/14.4 - ѕквантї, с
 []


Underfull \hbox (badness 10000) in paragraph at lines 281--283
\T2A/ftm/m/sl/14.4 точ-но-чтью до
 []


Underfull \hbox (badness 10000) in paragraph at lines 281--283
\T2A/ftm/m/sl/14.4 ко-то-ро-го ли-цо,
 []


Underfull \hbox (badness 10000) in paragraph at lines 281--283
\T2A/ftm/m/sl/14.4 при-ни-ма-ю-щее
 []


Underfull \hbox (badness 10000) in paragraph at lines 281--283
\T2A/ftm/m/sl/14.4 ре-ше-ние (ЛПР),
 []


Underfull \hbox (badness 10000) in paragraph at lines 281--283
\T2A/ftm/m/sl/14.4 ин-те-ре-су-ет вос-
 []


Underfull \hbox (badness 10000) in paragraph at lines 281--283
\T2A/ftm/m/sl/14.4 при-ни-ма-е-мая
 []


Underfull \hbox (badness 7558) in paragraph at lines 281--283
\T2A/ftm/m/sl/14.4 инор-ма-ция (еди-
 []


Underfull \hbox (badness 10000) in paragraph at lines 281--283
\T2A/ftm/m/sl/14.4 ни-ца из-ме-ре-ния,
 []


Underfull \hbox (badness 10000) in paragraph at lines 281--283
\T2A/ftm/m/sl/14.4 раз-ре-ша-ю-щая
 []


Underfull \hbox (badness 3118) in paragraph at lines 281--283
\T2A/ftm/m/sl/14.4 спо-соб-ность при-
 []


Underfull \hbox (badness 1038) in paragraph at lines 284--287
\OML/cmm/m/it/14.4 A[]$\T2A/ftm/m/sl/14.4 ; $\OML/cmm/m/it/14.4 n$ \T2A/ftm/m/s
l/14.4 ^^U объ-ем
 []


Underfull \hbox (badness 10000) in paragraph at lines 284--287
\T2A/ftm/m/sl/14.4 по-ня-тия об
 []


Underfull \hbox (badness 10000) in paragraph at lines 284--287
\T2A/ftm/m/sl/14.4 охва-ты-ва-е-мых
 []


Underfull \hbox (badness 10000) in paragraph at lines 284--287
\T2A/ftm/m/sl/14.4 из-ме-ре-ни-ем
 []


Underfull \hbox (badness 10000) in paragraph at lines 284--287
\T2A/ftm/m/sl/14.4 объ-ек-тах; $\OML/cmm/m/it/14.4 ^^M$
 []


Underfull \hbox (badness 10000) in paragraph at lines 284--287
\T2A/ftm/m/sl/14.4 ^^U па-ра-метр
 []


Underfull \hbox (badness 6188) in paragraph at lines 289--290
[]\T2A/ftm/m/sl/14.4 При $\OML/cmm/m/it/14.4 ^^M \OT1/cmr/m/n/14.4 = 1$
 []


Underfull \hbox (badness 3439) in paragraph at lines 292--294
\T2A/ftm/m/sl/14.4 При $\OML/cmm/m/it/14.4 ^^M \OT1/cmr/m/n/14.4 = \T2A/ftm/m/s
l/14.4 ^^U\OT1/cmr/m/n/14.4 1$
 []

! Missing { inserted.
<to be read again> 
                   }
l.294 $$H = n\ \sum_{i = 1}^n \frac{1}{J_i^}
                                             $$\\
A left brace was mandatory here, so I've put one in.
You might want to delete and/or insert some corrections
so that I will find a matching right brace soon.
(If you're confused by all this, try typing `I}' now.)

! Missing } inserted.
<inserted text> 
                }
l.294 $$H = n\ \sum_{i = 1}^n \frac{1}{J_i^} $
                                              $\\
I've inserted something that you may have forgotten.
(See the <inserted text> above.)
With luck, this will get me unwedged. But if you
really didn't forget anything, try typing `2' now; then
my insertion and my current dilemma will both disappear.


Underfull \hbox (badness 10000) in paragraph at lines 297--297
[]\T2A/ftm/m/sl/14.4 Вероятностный
 []


Underfull \hbox (badness 3449) in paragraph at lines 297--297
\T2A/ftm/m/sl/14.4 спо-соб из-ме-ре-
 []


Underfull \hbox (badness 1502) in paragraph at lines 299--301
\T2A/ftm/m/sl/14.4 где $\OML/cmm/m/it/14.4 p[]$ \T2A/ftm/m/sl/14.4 ^^U ве-ро-ят
-
 []


Underfull \hbox (badness 10000) in paragraph at lines 299--301
\T2A/ftm/m/sl/14.4 ность со-бы-тия.
 []


Underfull \hbox (badness 10000) in paragraph at lines 299--301
\T2A/ftm/m/sl/14.4 В слу-чае ис-
 []


Underfull \hbox (badness 10000) in paragraph at lines 299--301
\T2A/ftm/m/sl/14.4 поль-зо-ва-ния
 []


Underfull \hbox (badness 3354) in paragraph at lines 299--301
\T2A/ftm/m/sl/14.4 ин-фор-ма-ции для
 []


Underfull \hbox (badness 10000) in paragraph at lines 299--301
\T2A/ftm/m/sl/14.4 до-сти-же-ния це-
 []


Underfull \hbox (badness 4872) in paragraph at lines 299--301
\T2A/ftm/m/sl/14.4 ли pi на-зы-ва-ют
 []


Underfull \hbox (badness 10000) in paragraph at lines 299--301
\T2A/ftm/m/sl/14.4 ве-ро-ят-но-стью
 []


Underfull \hbox (badness 10000) in paragraph at lines 299--301
\T2A/ftm/m/sl/14.4 неце-ле-со-об-раз-но-
 []


Overfull \hbox (24.93532pt too wide) detected at line 312
\OML/cmm/m/it/14.4 p[] \OT1/cmr/m/n/14.4 = 1\OML/cmm/m/it/14.4 =n[]H \OT1/cmr/m
/n/14.4 = \OMS/cmsy/m/n/14.4 ^^@ [] [] [] [] \OT1/cmr/m/n/14.4 = [] \OML/cmm/m/
it/14.4 n:
 []


Overfull \hbox (3.70828pt too wide) in paragraph at lines 273--317
[][] 
 []


Underfull \hbox (badness 10000) in paragraph at lines 273--317

 []


Underfull \hbox (badness 10000) in paragraph at lines 273--317

 []

[13]
Overfull \vbox (52.60338pt too high) has occurred while \output is active []


[14]

! Package inputenc Error: Unicode character в€’ (U+2212)
(inputenc)                not set up for use with LaTeX.

See the inputenc package documentation for explanation.
Type  H <return>  for immediate help.
 ...                                              
                                                  
l.319 ...Р°Р·Р»РёС‡РЅС‹РјРё СЃРїРѕСЃРѕР±Р°РјРё в€’
                                                   РґРµС‚РµСЂРјРёРЅРёСЂРѕРІР...

You may provide a definition with
\DeclareUnicodeCharacter 


! Package inputenc Error: Unicode character в€’ (U+2212)
(inputenc)                not set up for use with LaTeX.

See the inputenc package documentation for explanation.
Type  H <return>  for immediate help.
 ...                                              
                                                  
l.319 ...РѕРЅРЅС‹С… С…Р°СЂР°РєС‚РµСЂРёСЃС‚РёРє в€’
                                                   Рё РґРµС‚РµСЂРјРёРЅРёСЂРѕ...

You may provide a definition with
\DeclareUnicodeCharacter 


! Package inputenc Error: Unicode character в€’ (U+2212)
(inputenc)                not set up for use with LaTeX.

See the inputenc package documentation for explanation.
Type  H <return>  for immediate help.
 ...                                              
                                                  
l.320 ...СЂРѕСЏС‚РЅРѕСЃС‚РЅР°СЏ, Р° С‚Р°РєР¶Рµ в€’
                                                   РїРµСЂРµС…РѕРґ РѕС‚ РѕРґР...

You may provide a definition with
\DeclareUnicodeCharacter 


! Package inputenc Error: Unicode character в€’ (U+2212)
(inputenc)                not set up for use with LaTeX.

See the inputenc package documentation for explanation.
Type  H <return>  for immediate help.
 ...                                              
                                                  
l.320 ...РЅС„РѕСЂРјР°С†РёРѕРЅРЅРѕР№ С€РєР°Р»С‹ в€’
                                                   РІРѕСЃСЊРјРµСЂРёС‡РЅС‹Рµ ...

You may provide a definition with
\DeclareUnicodeCharacter 


! Package inputenc Error: Unicode character в€’ (U+2212)
(inputenc)                not set up for use with LaTeX.

See the inputenc package documentation for explanation.
Type  H <return>  for immediate help.
 ...                                              
                                                  
l.320 ...СЊРјРµСЂРёС‡РЅС‹Рµ Р»РѕРіР°СЂРёС„РјС‹ в€’
                                                   Р±Р°Р№С‚С‹  СѓР¶Рµ РЅР°С€...

You may provide a definition with
\DeclareUnicodeCharacter 


! Package inputenc Error: Unicode character в€’ (U+2212)
(inputenc)                not set up for use with LaTeX.

See the inputenc package documentation for explanation.
Type  H <return>  for immediate help.
 ...                                              
                                                  
l.320 ...µ РїСЂРёРјРµРЅСЏСЋС‰РёРµСЃСЏ РїРѕРєР° в€’
                                                   РґРµСЃСЏС‚РёС‡РЅС‹Рµ Р»Рѕ...

You may provide a definition with
\DeclareUnicodeCharacter 

[15]

! LaTeX Error: There's no line here to end.

See the LaTeX manual or LaTeX Companion for explanation.
Type  H <return>  for immediate help.
 ...                                              
                                                  
l.327 
      
Your command was ignored.
Type  I <command> <return>  to replace it with another command,
or  <return>  to continue without it.


LaTeX Font Warning: Font shape `T2A/ftm/m/it' undefined
(Font)              using `T2A/ftm/m/sl' instead on input line 335.


Overfull \hbox (0.60611pt too wide) in paragraph at lines 330--336
\T2A/ftm/m/sl/14.4 Для ин-фор-ма-ции,как уни-вер-саль-ной ка-те-го-рии, опре-де
-ля-е-мой в ка-че-стве про-
 []

[16

] [17] [18]

! LaTeX Error: There's no line here to end.

See the LaTeX manual or LaTeX Companion for explanation.
Type  H <return>  for immediate help.
 ...                                              
                                                  
l.374 
      
Your command was ignored.
Type  I <command> <return>  to replace it with another command,
or  <return>  to continue without it.

LaTeX Info: Symbol \textrightarrow not provided by
            font family ftm in TS1 encoding.
            Default family used instead on input line 378.

! Package inputenc Error: Unicode character в€ћ (U+221E)
(inputenc)                not set up for use with LaTeX.

See the inputenc package documentation for explanation.
Type  H <return>  for immediate help.
 ...                                              
                                                  
l.378 ...‚Рµ СЃРѕРіР»Р°СЃРЅРѕ H=J/n РїСЂРё nв†’в€ћ
                                                   РѕС‚ РЅРёС… РЅРёС‡РµРіРѕ ...

You may provide a definition with
\DeclareUnicodeCharacter 


! Package inputenc Error: Unicode character О” (U+0394)
(inputenc)                not set up for use with LaTeX.

See the inputenc package documentation for explanation.
Type  H <return>  for immediate help.
 ...                                              
                                                  
l.381 ...ёСЏ. РџСѓСЃС‚СЊ J РµСЃС‚СЊ С‚РµР·РёСЃ, О”
                                                  1J РµСЃС‚СЊ Р°РЅС‚РёС‚РµР·...

You may provide a definition with
\DeclareUnicodeCharacter 


! Package inputenc Error: Unicode character О” (U+0394)
(inputenc)                not set up for use with LaTeX.

See the inputenc package documentation for explanation.
Type  H <return>  for immediate help.
 ...                                              
                                                  
l.381 ...·РёСЃ, С‚.Рµ. РѕС‚СЂРёС†Р°РЅРёРµ J, Р° О”
                                                  2J РµСЃС‚СЊ Р°РЅС‚РёР°РЅС‚...

You may provide a definition with
\DeclareUnicodeCharacter 


! Package inputenc Error: Unicode character О” (U+0394)
(inputenc)                not set up for use with LaTeX.

See the inputenc package documentation for explanation.
Type  H <return>  for immediate help.
 ...                                              
                                                  
l.381 ...ѕРІР°РјРё, РµСЃР»Рё J РµСЃС‚СЊ A, С‚Рѕ О”
                                                  1J РµСЃС‚СЊ В«РЅРµ AВ», Р°...

You may provide a definition with
\DeclareUnicodeCharacter 


! Package inputenc Error: Unicode character О” (U+0394)
(inputenc)                not set up for use with LaTeX.

See the inputenc package documentation for explanation.
Type  H <return>  for immediate help.
 ...                                              
                                                  
l.381 ...Њ A, С‚Рѕ О”1J РµСЃС‚СЊ В«РЅРµ AВ», Р° О”
                                                  2J РµСЃС‚СЊ В«РЅРµ РЅРµ AВ...

You may provide a definition with
\DeclareUnicodeCharacter 


Underfull \hbox (badness 10000) in paragraph at lines 376--388

 []

[19

] [20]

! LaTeX Error: There's no line here to end.

See the LaTeX manual or LaTeX Companion for explanation.
Type  H <return>  for immediate help.
 ...                                              
                                                  
l.392 \\Р
         ¤РёР»РѕСЃРѕС„РёСЏ Рё С‚РµРѕСЂРёСЏ СЃРёСЃС‚РµРј: - "..РєР°С‚РµРіРѕСЂ...

Your command was ignored.
Type  I <command> <return>  to replace it with another command,
or  <return>  to continue without it.


! LaTeX Error: There's no line here to end.

See the LaTeX manual or LaTeX Companion for explanation.
Type  H <return>  for immediate help.
 ...                                              
                                                  
l.400 
      
Your command was ignored.
Type  I <command> <return>  to replace it with another command,
or  <return>  to continue without it.

[21]

! LaTeX Error: There's no line here to end.

See the LaTeX manual or LaTeX Companion for explanation.
Type  H <return>  for immediate help.
 ...                                              
                                                  
l.403 
      
Your command was ignored.
Type  I <command> <return>  to replace it with another command,
or  <return>  to continue without it.


Underfull \hbox (badness 10000) in paragraph at lines 404--407

 []


Underfull \hbox (badness 10000) in paragraph at lines 408--411

 []


Underfull \hbox (badness 10000) in paragraph at lines 412--414

 []


Underfull \hbox (badness 10000) in paragraph at lines 415--417

 []


Underfull \hbox (badness 10000) in paragraph at lines 418--422

 []

[22

]
Underfull \hbox (badness 10000) in paragraph at lines 424--428

 []


Underfull \hbox (badness 10000) in paragraph at lines 430--431

 []


Underfull \hbox (badness 10000) in paragraph at lines 432--434

 []

[23]
Underfull \hbox (badness 10000) in paragraph at lines 435--437

 []


Underfull \hbox (badness 10000) in paragraph at lines 438--439

 []


Overfull \hbox (1.01857pt too wide) in paragraph at lines 440--443
[]\T2A/ftm/m/sl/14.4 Концепция ин-фор-ма-ци-он-но-го по-ля поз-во-ля-ет най-ти 
ко-ли-че-ствен-ную оцен-
 []


Underfull \hbox (badness 10000) in paragraph at lines 440--443

 []

[24]

! LaTeX Error: There's no line here to end.

See the LaTeX manual or LaTeX Companion for explanation.
Type  H <return>  for immediate help.
 ...                                              
                                                  
l.446 1
       . Р’РёРЅРѕРіСЂР°РґРѕРІ РЎ.Рќ., РљСѓР·СЊРјРёРЅ Рђ.Р¤. Р›РѕРіРёРєР°: Сѓ...

Your command was ignored.
Type  I <command> <return>  to replace it with another command,
or  <return>  to continue without it.


! Package inputenc Error: Unicode character в€’ (U+2212)
(inputenc)                not set up for use with LaTeX.

See the inputenc package documentation for explanation.
Type  H <return>  for immediate help.
 ...                                              
                                                  
l.450 ...СЃРёСЃС‚РµРј / Р’.Рќ. Р’РѕР»РєРѕРІР°. в€’
                                                   РЎРџР±.: РР·Рґ-РІРѕ РџРѕ...

You may provide a definition with
\DeclareUnicodeCharacter 


! Package inputenc Error: Unicode character в€’ (U+2212)
(inputenc)                not set up for use with LaTeX.

See the inputenc package documentation for explanation.
Type  H <return>  for immediate help.
 ...                                              
                                                  
l.450 ...Рѕ РџРѕР»РёС‚РµС…РЅ. СѓРЅ-С‚Р°, 2012. в€’
                                                   280 СЃ.\\
You may provide a definition with
\DeclareUnicodeCharacter 


! Package inputenc Error: Unicode character в€’ (U+2212)
(inputenc)                not set up for use with LaTeX.

See the inputenc package documentation for explanation.
Type  H <return>  for immediate help.
 ...                                              
                                                  
l.453 ...џРѕР»РёС‚РµС…РЅ . СѓРЅ - С‚Р° , 2005. в€’
                                                   296 СЃ \\
You may provide a definition with
\DeclareUnicodeCharacter 


Underfull \hbox (badness 10000) in paragraph at lines 446--455

 []

[25

] (./ref.aux)

LaTeX Font Warning: Some font shapes were not available, defaults substituted.


LaTeX Warning: There were multiply-defined labels.

 ) 
Here is how much of TeX's memory you used:
 6009 strings out of 481239
 86758 string characters out of 5920377
 344126 words of memory out of 5000000
 21183 multiletter control sequences out of 15000+600000
 537762 words of font info for 36 fonts, out of 8000000 for 9000
 1141 hyphenation exceptions out of 8191
 40i,13n,45p,2469b,252s stack positions out of 5000i,500n,10000p,200000b,80000s
{/usr/share/texmf/fonts/enc/dvips/cm-super/cm-super-ts1.enc}{/usr/share/texmf
/fonts/enc/dvips/cm-super/cm-super-t2a.enc}</usr/share/texlive/texmf-dist/fonts
/type1/public/amsfonts/cm/cmex10.pfb></usr/share/texlive/texmf-dist/fonts/type1
/public/amsfonts/cm/cmmi10.pfb></usr/share/texlive/texmf-dist/fonts/type1/publi
c/amsfonts/cm/cmmi12.pfb></usr/share/texlive/texmf-dist/fonts/type1/public/amsf
onts/cm/cmmi7.pfb></usr/share/texlive/texmf-dist/fonts/type1/public/amsfonts/cm
/cmr10.pfb></usr/share/texlive/texmf-dist/fonts/type1/public/amsfonts/cm/cmr12.
pfb></usr/share/texlive/texmf-dist/fonts/type1/public/amsfonts/cm/cmsy10.pfb></
usr/share/texmf/fonts/type1/public/cm-super/sfrm1000.pfb></usr/share/texmf/font
s/type1/public/cm-super/sfrm1440.pfb></usr/share/texmf/fonts/type1/public/cm-su
per/sfrm1728.pfb>
Output written on ref.pdf (25 pages, 167487 bytes).
PDF statistics:
 129 PDF objects out of 1000 (max. 8388607)
 91 compressed objects within 1 object stream
 0 named destinations out of 1000 (max. 500000)
 1 words of extra memory for PDF output out of 10000 (max. 10000000)

